{
  "stats": {
    "suites": 1,
    "tests": 1,
    "passes": 0,
    "pending": 0,
    "failures": 1,
    "start": "2020-01-17T07:35:11.237Z",
    "end": "2020-01-17T07:35:21.393Z",
    "duration": 10156,
    "testsRegistered": 1,
    "passPercent": 0,
    "pendingPercent": 0,
    "other": 0,
    "hasOther": false,
    "skipped": 0,
    "hasSkipped": false
  },
  "results": [
    {
      "uuid": "41e4edfb-00c7-4e2f-96da-6a89a52afb5e",
      "title": "",
      "fullFile": "",
      "file": "",
      "beforeHooks": [],
      "afterHooks": [],
      "tests": [],
      "suites": [
        {
          "uuid": "7d204fbe-16d9-4b64-88c0-66816c328548",
          "title": "Cafe Townsend",
          "fullFile": "",
          "file": "",
          "beforeHooks": [],
          "afterHooks": [],
          "tests": [
            {
              "title": "Login",
              "fullTitle": "Cafe Townsend Login",
              "timedOut": null,
              "duration": 10121,
              "state": "failed",
              "speed": null,
              "pass": false,
              "fail": true,
              "pending": false,
              "context": null,
              "code": "const state = window.testState;\nreturn cy\n  .then(() => state.onStartScenario(scenario, indexedSteps))\n  .then(() =>\n    resolveAndRunBeforeHooks.call(this, scenario.tags, state.feature.name)\n  )\n  .then(() =>\n    indexedSteps.forEach(step => stepTest.call(this, state, step, rowData))\n  )\n  .then(() =>\n    resolveAndRunAfterHooks.call(this, scenario.tags, state.feature.name)\n  )\n  .then(() => state.onFinishScenario(scenario));",
              "err": {
                "message": "CypressError: cy.writeFile() must be passed a non-empty string, an object, or an array as its 2nd argument. You passed: '17'.",
                "estack": "CypressError: cy.writeFile() must be passed a non-empty string, an object, or an array as its 2nd argument. You passed: '17'.\n    at Object.cypressErr (http://cafetownsend-angular-rails.herokuapp.com/__cypress/runner/cypress_runner.js:86206:11)\n    at Object.throwErr (http://cafetownsend-angular-rails.herokuapp.com/__cypress/runner/cypress_runner.js:86161:18)\n    at Object.throwErrByPath (http://cafetownsend-angular-rails.herokuapp.com/__cypress/runner/cypress_runner.js:86193:17)\n    at Context.writeFile (http://cafetownsend-angular-rails.herokuapp.com/__cypress/runner/cypress_runner.js:70355:16)\n    at http://cafetownsend-angular-rails.herokuapp.com/__cypress/runner/cypress_runner.js:80892:33\n    at tryCatcher (http://cafetownsend-angular-rails.herokuapp.com/__cypress/runner/cypress_runner.js:120669:23)\n    at Promise._settlePromiseFromHandler (http://cafetownsend-angular-rails.herokuapp.com/__cypress/runner/cypress_runner.js:118605:31)\n    at Promise._settlePromise (http://cafetownsend-angular-rails.herokuapp.com/__cypress/runner/cypress_runner.js:118662:18)\n    at Promise._settlePromiseCtx (http://cafetownsend-angular-rails.herokuapp.com/__cypress/runner/cypress_runner.js:118699:10)\n    at Async../node_modules/bluebird/js/release/async.js.Async._drainQueue (http://cafetownsend-angular-rails.herokuapp.com/__cypress/runner/cypress_runner.js:115399:12)\n    at Async../node_modules/bluebird/js/release/async.js.Async._drainQueues (http://cafetownsend-angular-rails.herokuapp.com/__cypress/runner/cypress_runner.js:115404:10)\n    at Async.drainQueues (http://cafetownsend-angular-rails.herokuapp.com/__cypress/runner/cypress_runner.js:115278:14)",
                "diff": null
              },
              "uuid": "6385a82a-8ee8-4e37-bbfb-a65cdbd1479c",
              "parentUUID": "7d204fbe-16d9-4b64-88c0-66816c328548",
              "isHook": false,
              "skipped": false
            }
          ],
          "suites": [],
          "passes": [],
          "failures": [
            "6385a82a-8ee8-4e37-bbfb-a65cdbd1479c"
          ],
          "pending": [],
          "skipped": [],
          "duration": 10121,
          "root": false,
          "rootEmpty": false,
          "_timeout": 2000
        }
      ],
      "passes": [],
      "failures": [],
      "pending": [],
      "skipped": [],
      "duration": 0,
      "root": true,
      "rootEmpty": true,
      "_timeout": 2000
    }
  ],
  "meta": {
    "mocha": {
      "version": "5.2.0"
    },
    "mochawesome": {
      "options": {
        "quiet": true,
        "reportFilename": "mochawesome",
        "saveHtml": false,
        "saveJson": true,
        "consoleReporter": "spec",
        "useInlineDiffs": false
      },
      "version": "4.1.0"
    },
    "marge": {
      "options": {
        "reportDir": "./cypress/reports",
        "quiet": true,
        "overwrite": true,
        "html": false,
        "json": true
      },
      "version": "4.1.0"
    }
  }
}